2024-09-06 22:17:15 DEBUG TestNG:82 - suiteXmlPath: "/Users/shashankkumar/eclipse-workspace/SeleniumPractice/openCart/master.xml"
2024-09-06 22:17:15 INFO  Utils:112 - [TestNG] Running:
  /Users/shashankkumar/eclipse-workspace/SeleniumPractice/openCart/master.xml

2024-09-06 22:19:11 DEBUG TestNG:82 - suiteXmlPath: "/Users/shashankkumar/eclipse-workspace/SeleniumPractice/openCart/master.xml"
2024-09-06 22:19:11 INFO  Utils:112 - [TestNG] Running:
  /Users/shashankkumar/eclipse-workspace/SeleniumPractice/openCart/master.xml

2024-09-06 22:19:22 INFO  TC001_AccountRegistrationTest:36 - ***** Starting TC001_accountRegistrationTest *****
2024-09-06 22:19:23 INFO  TC001_AccountRegistrationTest:41 - ****** Clicked on MyAccountLink *****
2024-09-06 22:19:25 INFO  TC001_AccountRegistrationTest:43 - ****** Clicked on  Register Link *****
2024-09-06 22:19:25 INFO  TC001_AccountRegistrationTest:46 -  Providing Customer Details ....
2024-09-06 22:19:28 INFO  TC001_AccountRegistrationTest:57 - Validating Expected Message ...
2024-09-06 22:19:28 INFO  TC001_AccountRegistrationTest:78 - **** Finished TC001_accountRegistrationTest *****
2024-09-06 22:58:14 DEBUG TestNG:82 - suiteXmlPath: "/Users/shashankkumar/eclipse-workspace/SeleniumPractice/openCart/master.xml"
2024-09-06 22:58:15 INFO  Utils:112 - [TestNG] Running:
  /Users/shashankkumar/eclipse-workspace/SeleniumPractice/openCart/master.xml

2024-09-06 23:00:24 DEBUG TestNG:82 - suiteXmlPath: "/Users/shashankkumar/eclipse-workspace/SeleniumPractice/openCart/master.xml"
2024-09-06 23:00:25 INFO  Utils:112 - [TestNG] Running:
  /Users/shashankkumar/eclipse-workspace/SeleniumPractice/openCart/master.xml

2024-09-06 23:06:58 DEBUG TestNG:82 - suiteXmlPath: "/Users/shashankkumar/eclipse-workspace/SeleniumPractice/openCart/master.xml"
2024-09-06 23:06:58 INFO  Utils:112 - [TestNG] Running:
  /Users/shashankkumar/eclipse-workspace/SeleniumPractice/openCart/master.xml

2024-09-06 23:13:16 DEBUG TestNG:82 - suiteXmlPath: "/Users/shashankkumar/eclipse-workspace/SeleniumPractice/openCart/master.xml"
2024-09-06 23:13:16 INFO  Utils:112 - [TestNG] Running:
  /Users/shashankkumar/eclipse-workspace/SeleniumPractice/openCart/master.xml

2024-09-06 23:13:27 DEBUG PackageRelationshipCollection:307 - Parsing relationship: /xl/_rels/workbook.xml.rels
2024-09-06 23:13:27 DEBUG PackageRelationshipCollection:307 - Parsing relationship: /xl/worksheets/_rels/sheet1.xml.rels
2024-09-06 23:13:27 DEBUG PackageRelationshipCollection:307 - Parsing relationship: /_rels/.rels
2024-09-06 23:13:28 DEBUG POIXMLFactory:65 - using default POIXMLDocumentPart for http://schemas.openxmlformats.org/officeDocument/2006/relationships/printerSettings
2024-09-06 23:13:28 DEBUG PackageRelationshipCollection:307 - Parsing relationship: /xl/_rels/workbook.xml.rels
2024-09-06 23:13:28 DEBUG PackageRelationshipCollection:307 - Parsing relationship: /xl/worksheets/_rels/sheet1.xml.rels
2024-09-06 23:13:28 DEBUG PackageRelationshipCollection:307 - Parsing relationship: /_rels/.rels
2024-09-06 23:13:28 DEBUG POIXMLFactory:65 - using default POIXMLDocumentPart for http://schemas.openxmlformats.org/officeDocument/2006/relationships/printerSettings
2024-09-06 23:13:28 DEBUG PackageRelationshipCollection:307 - Parsing relationship: /xl/_rels/workbook.xml.rels
2024-09-06 23:13:28 DEBUG PackageRelationshipCollection:307 - Parsing relationship: /xl/worksheets/_rels/sheet1.xml.rels
2024-09-06 23:13:28 DEBUG PackageRelationshipCollection:307 - Parsing relationship: /_rels/.rels
2024-09-06 23:13:28 DEBUG POIXMLFactory:65 - using default POIXMLDocumentPart for http://schemas.openxmlformats.org/officeDocument/2006/relationships/printerSettings
2024-09-06 23:13:28 DEBUG PackageRelationshipCollection:307 - Parsing relationship: /xl/_rels/workbook.xml.rels
2024-09-06 23:13:28 DEBUG PackageRelationshipCollection:307 - Parsing relationship: /xl/worksheets/_rels/sheet1.xml.rels
2024-09-06 23:13:28 DEBUG PackageRelationshipCollection:307 - Parsing relationship: /_rels/.rels
2024-09-06 23:13:28 DEBUG POIXMLFactory:65 - using default POIXMLDocumentPart for http://schemas.openxmlformats.org/officeDocument/2006/relationships/printerSettings
2024-09-06 23:13:28 DEBUG PackageRelationshipCollection:307 - Parsing relationship: /xl/_rels/workbook.xml.rels
2024-09-06 23:13:28 DEBUG PackageRelationshipCollection:307 - Parsing relationship: /xl/worksheets/_rels/sheet1.xml.rels
2024-09-06 23:13:28 DEBUG PackageRelationshipCollection:307 - Parsing relationship: /_rels/.rels
2024-09-06 23:13:28 DEBUG POIXMLFactory:65 - using default POIXMLDocumentPart for http://schemas.openxmlformats.org/officeDocument/2006/relationships/printerSettings
2024-09-06 23:13:28 DEBUG PackageRelationshipCollection:307 - Parsing relationship: /xl/_rels/workbook.xml.rels
2024-09-06 23:13:28 DEBUG PackageRelationshipCollection:307 - Parsing relationship: /xl/worksheets/_rels/sheet1.xml.rels
2024-09-06 23:13:28 DEBUG PackageRelationshipCollection:307 - Parsing relationship: /_rels/.rels
2024-09-06 23:13:28 DEBUG POIXMLFactory:65 - using default POIXMLDocumentPart for http://schemas.openxmlformats.org/officeDocument/2006/relationships/printerSettings
2024-09-06 23:13:28 DEBUG PackageRelationshipCollection:307 - Parsing relationship: /xl/_rels/workbook.xml.rels
2024-09-06 23:13:28 DEBUG PackageRelationshipCollection:307 - Parsing relationship: /xl/worksheets/_rels/sheet1.xml.rels
2024-09-06 23:13:28 DEBUG PackageRelationshipCollection:307 - Parsing relationship: /_rels/.rels
2024-09-06 23:13:28 DEBUG POIXMLFactory:65 - using default POIXMLDocumentPart for http://schemas.openxmlformats.org/officeDocument/2006/relationships/printerSettings
2024-09-06 23:13:28 DEBUG PackageRelationshipCollection:307 - Parsing relationship: /xl/_rels/workbook.xml.rels
2024-09-06 23:13:28 DEBUG PackageRelationshipCollection:307 - Parsing relationship: /xl/worksheets/_rels/sheet1.xml.rels
2024-09-06 23:13:28 DEBUG PackageRelationshipCollection:307 - Parsing relationship: /_rels/.rels
2024-09-06 23:13:28 DEBUG POIXMLFactory:65 - using default POIXMLDocumentPart for http://schemas.openxmlformats.org/officeDocument/2006/relationships/printerSettings
2024-09-06 23:13:28 DEBUG PackageRelationshipCollection:307 - Parsing relationship: /xl/_rels/workbook.xml.rels
2024-09-06 23:13:28 DEBUG PackageRelationshipCollection:307 - Parsing relationship: /xl/worksheets/_rels/sheet1.xml.rels
2024-09-06 23:13:28 DEBUG PackageRelationshipCollection:307 - Parsing relationship: /_rels/.rels
2024-09-06 23:13:28 DEBUG POIXMLFactory:65 - using default POIXMLDocumentPart for http://schemas.openxmlformats.org/officeDocument/2006/relationships/printerSettings
2024-09-06 23:13:28 DEBUG PackageRelationshipCollection:307 - Parsing relationship: /xl/_rels/workbook.xml.rels
2024-09-06 23:13:28 DEBUG PackageRelationshipCollection:307 - Parsing relationship: /xl/worksheets/_rels/sheet1.xml.rels
2024-09-06 23:13:28 DEBUG PackageRelationshipCollection:307 - Parsing relationship: /_rels/.rels
2024-09-06 23:13:28 DEBUG POIXMLFactory:65 - using default POIXMLDocumentPart for http://schemas.openxmlformats.org/officeDocument/2006/relationships/printerSettings
2024-09-06 23:13:28 DEBUG PackageRelationshipCollection:307 - Parsing relationship: /xl/_rels/workbook.xml.rels
2024-09-06 23:13:28 DEBUG PackageRelationshipCollection:307 - Parsing relationship: /xl/worksheets/_rels/sheet1.xml.rels
2024-09-06 23:13:28 DEBUG PackageRelationshipCollection:307 - Parsing relationship: /_rels/.rels
2024-09-06 23:13:28 DEBUG POIXMLFactory:65 - using default POIXMLDocumentPart for http://schemas.openxmlformats.org/officeDocument/2006/relationships/printerSettings
2024-09-06 23:13:28 DEBUG PackageRelationshipCollection:307 - Parsing relationship: /xl/_rels/workbook.xml.rels
2024-09-06 23:13:28 DEBUG PackageRelationshipCollection:307 - Parsing relationship: /xl/worksheets/_rels/sheet1.xml.rels
2024-09-06 23:13:28 DEBUG PackageRelationshipCollection:307 - Parsing relationship: /_rels/.rels
2024-09-06 23:13:28 DEBUG POIXMLFactory:65 - using default POIXMLDocumentPart for http://schemas.openxmlformats.org/officeDocument/2006/relationships/printerSettings
2024-09-06 23:13:28 DEBUG PackageRelationshipCollection:307 - Parsing relationship: /xl/_rels/workbook.xml.rels
2024-09-06 23:13:28 DEBUG PackageRelationshipCollection:307 - Parsing relationship: /xl/worksheets/_rels/sheet1.xml.rels
2024-09-06 23:13:28 DEBUG PackageRelationshipCollection:307 - Parsing relationship: /_rels/.rels
2024-09-06 23:13:28 DEBUG POIXMLFactory:65 - using default POIXMLDocumentPart for http://schemas.openxmlformats.org/officeDocument/2006/relationships/printerSettings
2024-09-06 23:13:28 DEBUG PackageRelationshipCollection:307 - Parsing relationship: /xl/_rels/workbook.xml.rels
2024-09-06 23:13:28 DEBUG PackageRelationshipCollection:307 - Parsing relationship: /xl/worksheets/_rels/sheet1.xml.rels
2024-09-06 23:13:28 DEBUG PackageRelationshipCollection:307 - Parsing relationship: /_rels/.rels
2024-09-06 23:13:28 DEBUG POIXMLFactory:65 - using default POIXMLDocumentPart for http://schemas.openxmlformats.org/officeDocument/2006/relationships/printerSettings
2024-09-06 23:13:28 DEBUG PackageRelationshipCollection:307 - Parsing relationship: /xl/_rels/workbook.xml.rels
2024-09-06 23:13:28 DEBUG PackageRelationshipCollection:307 - Parsing relationship: /xl/worksheets/_rels/sheet1.xml.rels
2024-09-06 23:13:28 DEBUG PackageRelationshipCollection:307 - Parsing relationship: /_rels/.rels
2024-09-06 23:13:28 DEBUG POIXMLFactory:65 - using default POIXMLDocumentPart for http://schemas.openxmlformats.org/officeDocument/2006/relationships/printerSettings
2024-09-06 23:13:28 DEBUG PackageRelationshipCollection:307 - Parsing relationship: /xl/_rels/workbook.xml.rels
2024-09-06 23:13:28 DEBUG PackageRelationshipCollection:307 - Parsing relationship: /xl/worksheets/_rels/sheet1.xml.rels
2024-09-06 23:13:28 DEBUG PackageRelationshipCollection:307 - Parsing relationship: /_rels/.rels
2024-09-06 23:13:28 DEBUG POIXMLFactory:65 - using default POIXMLDocumentPart for http://schemas.openxmlformats.org/officeDocument/2006/relationships/printerSettings
2024-09-06 23:13:28 DEBUG PackageRelationshipCollection:307 - Parsing relationship: /xl/_rels/workbook.xml.rels
2024-09-06 23:13:28 DEBUG PackageRelationshipCollection:307 - Parsing relationship: /xl/worksheets/_rels/sheet1.xml.rels
2024-09-06 23:13:28 DEBUG PackageRelationshipCollection:307 - Parsing relationship: /_rels/.rels
2024-09-06 23:13:28 DEBUG POIXMLFactory:65 - using default POIXMLDocumentPart for http://schemas.openxmlformats.org/officeDocument/2006/relationships/printerSettings
2024-09-06 23:13:28 DEBUG PackageRelationshipCollection:307 - Parsing relationship: /xl/_rels/workbook.xml.rels
2024-09-06 23:13:28 DEBUG PackageRelationshipCollection:307 - Parsing relationship: /xl/worksheets/_rels/sheet1.xml.rels
2024-09-06 23:13:28 DEBUG PackageRelationshipCollection:307 - Parsing relationship: /_rels/.rels
2024-09-06 23:13:28 DEBUG POIXMLFactory:65 - using default POIXMLDocumentPart for http://schemas.openxmlformats.org/officeDocument/2006/relationships/printerSettings
2024-09-06 23:13:28 DEBUG PackageRelationshipCollection:307 - Parsing relationship: /xl/_rels/workbook.xml.rels
2024-09-06 23:13:28 DEBUG PackageRelationshipCollection:307 - Parsing relationship: /xl/worksheets/_rels/sheet1.xml.rels
2024-09-06 23:13:28 DEBUG PackageRelationshipCollection:307 - Parsing relationship: /_rels/.rels
2024-09-06 23:13:28 DEBUG POIXMLFactory:65 - using default POIXMLDocumentPart for http://schemas.openxmlformats.org/officeDocument/2006/relationships/printerSettings
2024-09-06 23:13:28 DEBUG PackageRelationshipCollection:307 - Parsing relationship: /xl/_rels/workbook.xml.rels
2024-09-06 23:13:28 DEBUG PackageRelationshipCollection:307 - Parsing relationship: /xl/worksheets/_rels/sheet1.xml.rels
2024-09-06 23:13:28 DEBUG PackageRelationshipCollection:307 - Parsing relationship: /_rels/.rels
2024-09-06 23:13:28 DEBUG POIXMLFactory:65 - using default POIXMLDocumentPart for http://schemas.openxmlformats.org/officeDocument/2006/relationships/printerSettings
2024-09-06 23:13:29 INFO  TC003_LoginDDT:26 - ***** stating TC_003_LoginDDT ******
2024-09-06 23:13:46 INFO  TC003_LoginDDT:81 - ***** Finished TC_003_LoginDDT ******
2024-09-06 23:13:46 INFO  TC003_LoginDDT:26 - ***** stating TC_003_LoginDDT ******
2024-09-06 23:14:00 INFO  TC003_LoginDDT:81 - ***** Finished TC_003_LoginDDT ******
2024-09-06 23:14:00 INFO  TC003_LoginDDT:26 - ***** stating TC_003_LoginDDT ******
2024-09-06 23:14:14 INFO  TC003_LoginDDT:81 - ***** Finished TC_003_LoginDDT ******
2024-09-06 23:14:14 INFO  TC003_LoginDDT:26 - ***** stating TC_003_LoginDDT ******
2024-09-06 23:14:36 INFO  TC003_LoginDDT:81 - ***** Finished TC_003_LoginDDT ******
2024-09-06 23:14:36 INFO  TC003_LoginDDT:26 - ***** stating TC_003_LoginDDT ******
2024-09-06 23:14:50 INFO  TC003_LoginDDT:81 - ***** Finished TC_003_LoginDDT ******
2024-09-06 23:14:50 INFO  TC003_LoginDDT:26 - ***** stating TC_003_LoginDDT ******
2024-09-06 23:15:14 INFO  TC003_LoginDDT:81 - ***** Finished TC_003_LoginDDT ******
2024-09-06 23:16:20 DEBUG TestNG:82 - suiteXmlPath: "/Users/shashankkumar/eclipse-workspace/SeleniumPractice/openCart/master.xml"
2024-09-06 23:16:20 INFO  Utils:112 - [TestNG] Running:
  /Users/shashankkumar/eclipse-workspace/SeleniumPractice/openCart/master.xml

2024-09-06 23:16:31 DEBUG PackageRelationshipCollection:307 - Parsing relationship: /xl/_rels/workbook.xml.rels
2024-09-06 23:16:31 DEBUG PackageRelationshipCollection:307 - Parsing relationship: /xl/worksheets/_rels/sheet1.xml.rels
2024-09-06 23:16:31 DEBUG PackageRelationshipCollection:307 - Parsing relationship: /_rels/.rels
2024-09-06 23:16:32 DEBUG POIXMLFactory:65 - using default POIXMLDocumentPart for http://schemas.openxmlformats.org/officeDocument/2006/relationships/printerSettings
2024-09-06 23:16:32 DEBUG PackageRelationshipCollection:307 - Parsing relationship: /xl/_rels/workbook.xml.rels
2024-09-06 23:16:32 DEBUG PackageRelationshipCollection:307 - Parsing relationship: /xl/worksheets/_rels/sheet1.xml.rels
2024-09-06 23:16:32 DEBUG PackageRelationshipCollection:307 - Parsing relationship: /_rels/.rels
2024-09-06 23:16:32 DEBUG POIXMLFactory:65 - using default POIXMLDocumentPart for http://schemas.openxmlformats.org/officeDocument/2006/relationships/printerSettings
2024-09-06 23:16:32 DEBUG PackageRelationshipCollection:307 - Parsing relationship: /xl/_rels/workbook.xml.rels
2024-09-06 23:16:32 DEBUG PackageRelationshipCollection:307 - Parsing relationship: /xl/worksheets/_rels/sheet1.xml.rels
2024-09-06 23:16:32 DEBUG PackageRelationshipCollection:307 - Parsing relationship: /_rels/.rels
2024-09-06 23:16:32 DEBUG POIXMLFactory:65 - using default POIXMLDocumentPart for http://schemas.openxmlformats.org/officeDocument/2006/relationships/printerSettings
2024-09-06 23:16:32 DEBUG PackageRelationshipCollection:307 - Parsing relationship: /xl/_rels/workbook.xml.rels
2024-09-06 23:16:32 DEBUG PackageRelationshipCollection:307 - Parsing relationship: /xl/worksheets/_rels/sheet1.xml.rels
2024-09-06 23:16:32 DEBUG PackageRelationshipCollection:307 - Parsing relationship: /_rels/.rels
2024-09-06 23:16:32 DEBUG POIXMLFactory:65 - using default POIXMLDocumentPart for http://schemas.openxmlformats.org/officeDocument/2006/relationships/printerSettings
2024-09-06 23:16:32 DEBUG PackageRelationshipCollection:307 - Parsing relationship: /xl/_rels/workbook.xml.rels
2024-09-06 23:16:32 DEBUG PackageRelationshipCollection:307 - Parsing relationship: /xl/worksheets/_rels/sheet1.xml.rels
2024-09-06 23:16:32 DEBUG PackageRelationshipCollection:307 - Parsing relationship: /_rels/.rels
2024-09-06 23:16:32 DEBUG POIXMLFactory:65 - using default POIXMLDocumentPart for http://schemas.openxmlformats.org/officeDocument/2006/relationships/printerSettings
2024-09-06 23:16:32 DEBUG PackageRelationshipCollection:307 - Parsing relationship: /xl/_rels/workbook.xml.rels
2024-09-06 23:16:32 DEBUG PackageRelationshipCollection:307 - Parsing relationship: /xl/worksheets/_rels/sheet1.xml.rels
2024-09-06 23:16:32 DEBUG PackageRelationshipCollection:307 - Parsing relationship: /_rels/.rels
2024-09-06 23:16:32 DEBUG POIXMLFactory:65 - using default POIXMLDocumentPart for http://schemas.openxmlformats.org/officeDocument/2006/relationships/printerSettings
2024-09-06 23:16:32 DEBUG PackageRelationshipCollection:307 - Parsing relationship: /xl/_rels/workbook.xml.rels
2024-09-06 23:16:32 DEBUG PackageRelationshipCollection:307 - Parsing relationship: /xl/worksheets/_rels/sheet1.xml.rels
2024-09-06 23:16:32 DEBUG PackageRelationshipCollection:307 - Parsing relationship: /_rels/.rels
2024-09-06 23:16:32 DEBUG POIXMLFactory:65 - using default POIXMLDocumentPart for http://schemas.openxmlformats.org/officeDocument/2006/relationships/printerSettings
2024-09-06 23:16:32 DEBUG PackageRelationshipCollection:307 - Parsing relationship: /xl/_rels/workbook.xml.rels
2024-09-06 23:16:32 DEBUG PackageRelationshipCollection:307 - Parsing relationship: /xl/worksheets/_rels/sheet1.xml.rels
2024-09-06 23:16:32 DEBUG PackageRelationshipCollection:307 - Parsing relationship: /_rels/.rels
2024-09-06 23:16:32 DEBUG POIXMLFactory:65 - using default POIXMLDocumentPart for http://schemas.openxmlformats.org/officeDocument/2006/relationships/printerSettings
2024-09-06 23:16:32 DEBUG PackageRelationshipCollection:307 - Parsing relationship: /xl/_rels/workbook.xml.rels
2024-09-06 23:16:32 DEBUG PackageRelationshipCollection:307 - Parsing relationship: /xl/worksheets/_rels/sheet1.xml.rels
2024-09-06 23:16:32 DEBUG PackageRelationshipCollection:307 - Parsing relationship: /_rels/.rels
2024-09-06 23:16:32 DEBUG POIXMLFactory:65 - using default POIXMLDocumentPart for http://schemas.openxmlformats.org/officeDocument/2006/relationships/printerSettings
2024-09-06 23:16:32 DEBUG PackageRelationshipCollection:307 - Parsing relationship: /xl/_rels/workbook.xml.rels
2024-09-06 23:16:32 DEBUG PackageRelationshipCollection:307 - Parsing relationship: /xl/worksheets/_rels/sheet1.xml.rels
2024-09-06 23:16:32 DEBUG PackageRelationshipCollection:307 - Parsing relationship: /_rels/.rels
2024-09-06 23:16:32 DEBUG POIXMLFactory:65 - using default POIXMLDocumentPart for http://schemas.openxmlformats.org/officeDocument/2006/relationships/printerSettings
2024-09-06 23:16:32 DEBUG PackageRelationshipCollection:307 - Parsing relationship: /xl/_rels/workbook.xml.rels
2024-09-06 23:16:32 DEBUG PackageRelationshipCollection:307 - Parsing relationship: /xl/worksheets/_rels/sheet1.xml.rels
2024-09-06 23:16:32 DEBUG PackageRelationshipCollection:307 - Parsing relationship: /_rels/.rels
2024-09-06 23:16:32 DEBUG POIXMLFactory:65 - using default POIXMLDocumentPart for http://schemas.openxmlformats.org/officeDocument/2006/relationships/printerSettings
2024-09-06 23:16:32 DEBUG PackageRelationshipCollection:307 - Parsing relationship: /xl/_rels/workbook.xml.rels
2024-09-06 23:16:32 DEBUG PackageRelationshipCollection:307 - Parsing relationship: /xl/worksheets/_rels/sheet1.xml.rels
2024-09-06 23:16:32 DEBUG PackageRelationshipCollection:307 - Parsing relationship: /_rels/.rels
2024-09-06 23:16:32 DEBUG POIXMLFactory:65 - using default POIXMLDocumentPart for http://schemas.openxmlformats.org/officeDocument/2006/relationships/printerSettings
2024-09-06 23:16:32 DEBUG PackageRelationshipCollection:307 - Parsing relationship: /xl/_rels/workbook.xml.rels
2024-09-06 23:16:32 DEBUG PackageRelationshipCollection:307 - Parsing relationship: /xl/worksheets/_rels/sheet1.xml.rels
2024-09-06 23:16:32 DEBUG PackageRelationshipCollection:307 - Parsing relationship: /_rels/.rels
2024-09-06 23:16:32 DEBUG POIXMLFactory:65 - using default POIXMLDocumentPart for http://schemas.openxmlformats.org/officeDocument/2006/relationships/printerSettings
2024-09-06 23:16:32 DEBUG PackageRelationshipCollection:307 - Parsing relationship: /xl/_rels/workbook.xml.rels
2024-09-06 23:16:32 DEBUG PackageRelationshipCollection:307 - Parsing relationship: /xl/worksheets/_rels/sheet1.xml.rels
2024-09-06 23:16:32 DEBUG PackageRelationshipCollection:307 - Parsing relationship: /_rels/.rels
2024-09-06 23:16:32 DEBUG POIXMLFactory:65 - using default POIXMLDocumentPart for http://schemas.openxmlformats.org/officeDocument/2006/relationships/printerSettings
2024-09-06 23:16:32 DEBUG PackageRelationshipCollection:307 - Parsing relationship: /xl/_rels/workbook.xml.rels
2024-09-06 23:16:32 DEBUG PackageRelationshipCollection:307 - Parsing relationship: /xl/worksheets/_rels/sheet1.xml.rels
2024-09-06 23:16:32 DEBUG PackageRelationshipCollection:307 - Parsing relationship: /_rels/.rels
2024-09-06 23:16:32 DEBUG POIXMLFactory:65 - using default POIXMLDocumentPart for http://schemas.openxmlformats.org/officeDocument/2006/relationships/printerSettings
2024-09-06 23:16:32 DEBUG PackageRelationshipCollection:307 - Parsing relationship: /xl/_rels/workbook.xml.rels
2024-09-06 23:16:32 DEBUG PackageRelationshipCollection:307 - Parsing relationship: /xl/worksheets/_rels/sheet1.xml.rels
2024-09-06 23:16:32 DEBUG PackageRelationshipCollection:307 - Parsing relationship: /_rels/.rels
2024-09-06 23:16:33 DEBUG POIXMLFactory:65 - using default POIXMLDocumentPart for http://schemas.openxmlformats.org/officeDocument/2006/relationships/printerSettings
2024-09-06 23:16:33 DEBUG PackageRelationshipCollection:307 - Parsing relationship: /xl/_rels/workbook.xml.rels
2024-09-06 23:16:33 DEBUG PackageRelationshipCollection:307 - Parsing relationship: /xl/worksheets/_rels/sheet1.xml.rels
2024-09-06 23:16:33 DEBUG PackageRelationshipCollection:307 - Parsing relationship: /_rels/.rels
2024-09-06 23:16:33 DEBUG POIXMLFactory:65 - using default POIXMLDocumentPart for http://schemas.openxmlformats.org/officeDocument/2006/relationships/printerSettings
2024-09-06 23:16:33 DEBUG PackageRelationshipCollection:307 - Parsing relationship: /xl/_rels/workbook.xml.rels
2024-09-06 23:16:33 DEBUG PackageRelationshipCollection:307 - Parsing relationship: /xl/worksheets/_rels/sheet1.xml.rels
2024-09-06 23:16:33 DEBUG PackageRelationshipCollection:307 - Parsing relationship: /_rels/.rels
2024-09-06 23:16:33 DEBUG POIXMLFactory:65 - using default POIXMLDocumentPart for http://schemas.openxmlformats.org/officeDocument/2006/relationships/printerSettings
2024-09-06 23:16:33 DEBUG PackageRelationshipCollection:307 - Parsing relationship: /xl/_rels/workbook.xml.rels
2024-09-06 23:16:33 DEBUG PackageRelationshipCollection:307 - Parsing relationship: /xl/worksheets/_rels/sheet1.xml.rels
2024-09-06 23:16:33 DEBUG PackageRelationshipCollection:307 - Parsing relationship: /_rels/.rels
2024-09-06 23:16:33 DEBUG POIXMLFactory:65 - using default POIXMLDocumentPart for http://schemas.openxmlformats.org/officeDocument/2006/relationships/printerSettings
2024-09-06 23:16:33 DEBUG PackageRelationshipCollection:307 - Parsing relationship: /xl/_rels/workbook.xml.rels
2024-09-06 23:16:33 DEBUG PackageRelationshipCollection:307 - Parsing relationship: /xl/worksheets/_rels/sheet1.xml.rels
2024-09-06 23:16:33 DEBUG PackageRelationshipCollection:307 - Parsing relationship: /_rels/.rels
2024-09-06 23:16:33 DEBUG POIXMLFactory:65 - using default POIXMLDocumentPart for http://schemas.openxmlformats.org/officeDocument/2006/relationships/printerSettings
2024-09-06 23:16:33 INFO  TC003_LoginDDT:26 - ***** stating TC_003_LoginDDT ******
2024-09-06 23:16:49 INFO  TC003_LoginDDT:81 - ***** Finished TC_003_LoginDDT ******
2024-09-06 23:16:49 INFO  TC003_LoginDDT:26 - ***** stating TC_003_LoginDDT ******
2024-09-06 23:17:03 INFO  TC003_LoginDDT:81 - ***** Finished TC_003_LoginDDT ******
2024-09-06 23:17:03 INFO  TC003_LoginDDT:26 - ***** stating TC_003_LoginDDT ******
2024-09-06 23:17:17 INFO  TC003_LoginDDT:81 - ***** Finished TC_003_LoginDDT ******
2024-09-06 23:17:17 INFO  TC003_LoginDDT:26 - ***** stating TC_003_LoginDDT ******
2024-09-06 23:17:39 INFO  TC003_LoginDDT:81 - ***** Finished TC_003_LoginDDT ******
2024-09-06 23:17:39 INFO  TC003_LoginDDT:26 - ***** stating TC_003_LoginDDT ******
2024-09-06 23:17:54 INFO  TC003_LoginDDT:81 - ***** Finished TC_003_LoginDDT ******
2024-09-06 23:17:54 INFO  TC003_LoginDDT:26 - ***** stating TC_003_LoginDDT ******
2024-09-06 23:18:18 INFO  TC003_LoginDDT:81 - ***** Finished TC_003_LoginDDT ******
